0 info it worked if it ends with ok
1 verbose cli [ '/usr/local/bin/node',
1 verbose cli   '/usr/local/bin/npm',
1 verbose cli   'install',
1 verbose cli   'detectmobilebrowsers',
1 verbose cli   '-g' ]
2 info using npm@1.3.25
3 info using node@v0.11.11
4 verbose cache add [ 'detectmobilebrowsers', null ]
5 verbose cache add name=undefined spec="detectmobilebrowsers" args=["detectmobilebrowsers",null]
6 verbose parsed url { protocol: null,
6 verbose parsed url   slashes: null,
6 verbose parsed url   auth: null,
6 verbose parsed url   host: null,
6 verbose parsed url   port: null,
6 verbose parsed url   hostname: null,
6 verbose parsed url   hash: null,
6 verbose parsed url   search: null,
6 verbose parsed url   query: null,
6 verbose parsed url   pathname: 'detectmobilebrowsers',
6 verbose parsed url   path: 'detectmobilebrowsers',
6 verbose parsed url   href: 'detectmobilebrowsers' }
7 silly lockFile 1df206bf-detectmobilebrowsers detectmobilebrowsers
8 verbose lock detectmobilebrowsers /root/.npm/1df206bf-detectmobilebrowsers.lock
9 silly lockFile 1df206bf-detectmobilebrowsers detectmobilebrowsers
10 silly lockFile 1df206bf-detectmobilebrowsers detectmobilebrowsers
11 verbose addNamed [ 'detectmobilebrowsers', '' ]
12 verbose addNamed [ null, '*' ]
13 silly lockFile 295a1601-detectmobilebrowsers detectmobilebrowsers@
14 verbose lock detectmobilebrowsers@ /root/.npm/295a1601-detectmobilebrowsers.lock
15 silly addNameRange { name: 'detectmobilebrowsers', range: '*', hasData: false }
16 verbose url raw detectmobilebrowsers
17 verbose url resolving [ 'https://registry.npmjs.org/', './detectmobilebrowsers' ]
18 verbose url resolved https://registry.npmjs.org/detectmobilebrowsers
19 info trying registry request attempt 1 at 20:05:51
20 http GET https://registry.npmjs.org/detectmobilebrowsers
21 http 200 https://registry.npmjs.org/detectmobilebrowsers
22 silly registry.get cb [ 200,
22 silly registry.get   { date: 'Sun, 15 Jun 2014 17:05:51 GMT',
22 silly registry.get     server: 'CouchDB/1.5.0 (Erlang OTP/R16B03)',
22 silly registry.get     etag: '"7N7NHFMHAX1BFAEDGRWOJ01LJ"',
22 silly registry.get     'content-type': 'application/json',
22 silly registry.get     'cache-control': 'max-age=30',
22 silly registry.get     'content-length': '8547',
22 silly registry.get     'accept-ranges': 'bytes',
22 silly registry.get     via: '1.1 varnish',
22 silly registry.get     age: '109',
22 silly registry.get     'x-served-by': 'cache-fra1234-FRA',
22 silly registry.get     'x-cache': 'MISS',
22 silly registry.get     'x-cache-hits': '0',
22 silly registry.get     'x-timer': 'S1402851951.648936,VS0,VE172',
22 silly registry.get     vary: 'Accept',
22 silly registry.get     connection: 'close' } ]
23 silly addNameRange number 2 { name: 'detectmobilebrowsers', range: '*', hasData: true }
24 silly addNameRange versions [ 'detectmobilebrowsers', [ '0.1.0', '0.1.1' ] ]
25 verbose addNamed [ 'detectmobilebrowsers', '0.1.1' ]
26 verbose addNamed [ '0.1.1', '0.1.1' ]
27 silly lockFile 8870ec6b-detectmobilebrowsers-0-1-1 detectmobilebrowsers@0.1.1
28 verbose lock detectmobilebrowsers@0.1.1 /root/.npm/8870ec6b-detectmobilebrowsers-0-1-1.lock
29 silly lockFile 48e7314d-s-detectmobilebrowsers-0-1-1-tgz https://registry.npmjs.org/detectmobilebrowsers/-/detectmobilebrowsers-0.1.1.tgz
30 verbose lock https://registry.npmjs.org/detectmobilebrowsers/-/detectmobilebrowsers-0.1.1.tgz /root/.npm/48e7314d-s-detectmobilebrowsers-0-1-1-tgz.lock
31 verbose addRemoteTarball [ 'https://registry.npmjs.org/detectmobilebrowsers/-/detectmobilebrowsers-0.1.1.tgz',
31 verbose addRemoteTarball   '05b87eed17145a54c83a4299ce8ebbadc5e761de' ]
32 info retry fetch attempt 1 at 20:05:51
33 verbose fetch to= /root/tmp/npm-3238-NjZdA0XU/1402851951862-0.34984527714550495/tmp.tgz
34 http GET https://registry.npmjs.org/detectmobilebrowsers/-/detectmobilebrowsers-0.1.1.tgz
35 http 200 https://registry.npmjs.org/detectmobilebrowsers/-/detectmobilebrowsers-0.1.1.tgz
36 verbose tar unpack /root/tmp/npm-3238-NjZdA0XU/1402851951862-0.34984527714550495/tmp.tgz
37 silly lockFile 8055d271-1862-0-34984527714550495-package tar:///root/tmp/npm-3238-NjZdA0XU/1402851951862-0.34984527714550495/package
38 verbose lock tar:///root/tmp/npm-3238-NjZdA0XU/1402851951862-0.34984527714550495/package /root/.npm/8055d271-1862-0-34984527714550495-package.lock
39 silly lockFile cf6b2b04-1862-0-34984527714550495-tmp-tgz tar:///root/tmp/npm-3238-NjZdA0XU/1402851951862-0.34984527714550495/tmp.tgz
40 verbose lock tar:///root/tmp/npm-3238-NjZdA0XU/1402851951862-0.34984527714550495/tmp.tgz /root/.npm/cf6b2b04-1862-0-34984527714550495-tmp-tgz.lock
41 silly gunzTarPerm modes [ '755', '644' ]
42 silly gunzTarPerm extractEntry package.json
43 silly gunzTarPerm extractEntry .npmignore
44 silly gunzTarPerm extractEntry README.md
45 silly gunzTarPerm extractEntry src/detectmobilebrowsers.coffee
46 silly gunzTarPerm extractEntry test/detect.coffee
47 silly gunzTarPerm extractEntry lib/detectmobilebrowsers.js
48 silly gunzTarPerm extractEntry Cakefile
49 silly lockFile 8055d271-1862-0-34984527714550495-package tar:///root/tmp/npm-3238-NjZdA0XU/1402851951862-0.34984527714550495/package
50 silly lockFile 8055d271-1862-0-34984527714550495-package tar:///root/tmp/npm-3238-NjZdA0XU/1402851951862-0.34984527714550495/package
51 silly lockFile cf6b2b04-1862-0-34984527714550495-tmp-tgz tar:///root/tmp/npm-3238-NjZdA0XU/1402851951862-0.34984527714550495/tmp.tgz
52 silly lockFile cf6b2b04-1862-0-34984527714550495-tmp-tgz tar:///root/tmp/npm-3238-NjZdA0XU/1402851951862-0.34984527714550495/tmp.tgz
53 verbose tar pack [ '/root/.npm/detectmobilebrowsers/0.1.1/package.tgz',
53 verbose tar pack   '/root/tmp/npm-3238-NjZdA0XU/1402851951862-0.34984527714550495/package' ]
54 verbose tarball /root/.npm/detectmobilebrowsers/0.1.1/package.tgz
55 verbose folder /root/tmp/npm-3238-NjZdA0XU/1402851951862-0.34984527714550495/package
56 silly lockFile 8055d271-1862-0-34984527714550495-package tar:///root/tmp/npm-3238-NjZdA0XU/1402851951862-0.34984527714550495/package
57 verbose lock tar:///root/tmp/npm-3238-NjZdA0XU/1402851951862-0.34984527714550495/package /root/.npm/8055d271-1862-0-34984527714550495-package.lock
58 silly lockFile d7ee75a8-mobilebrowsers-0-1-1-package-tgz tar:///root/.npm/detectmobilebrowsers/0.1.1/package.tgz
59 verbose lock tar:///root/.npm/detectmobilebrowsers/0.1.1/package.tgz /root/.npm/d7ee75a8-mobilebrowsers-0-1-1-package-tgz.lock
60 silly lockFile 8055d271-1862-0-34984527714550495-package tar:///root/tmp/npm-3238-NjZdA0XU/1402851951862-0.34984527714550495/package
61 silly lockFile 8055d271-1862-0-34984527714550495-package tar:///root/tmp/npm-3238-NjZdA0XU/1402851951862-0.34984527714550495/package
62 silly lockFile d7ee75a8-mobilebrowsers-0-1-1-package-tgz tar:///root/.npm/detectmobilebrowsers/0.1.1/package.tgz
63 silly lockFile d7ee75a8-mobilebrowsers-0-1-1-package-tgz tar:///root/.npm/detectmobilebrowsers/0.1.1/package.tgz
64 silly lockFile 00a3f2a9-tectmobilebrowsers-0-1-1-package /root/.npm/detectmobilebrowsers/0.1.1/package
65 verbose lock /root/.npm/detectmobilebrowsers/0.1.1/package /root/.npm/00a3f2a9-tectmobilebrowsers-0-1-1-package.lock
66 silly lockFile 00a3f2a9-tectmobilebrowsers-0-1-1-package /root/.npm/detectmobilebrowsers/0.1.1/package
67 silly lockFile 00a3f2a9-tectmobilebrowsers-0-1-1-package /root/.npm/detectmobilebrowsers/0.1.1/package
68 verbose tar unpack /root/.npm/detectmobilebrowsers/0.1.1/package.tgz
69 silly lockFile e272bcf0-tectmobilebrowsers-0-1-1-package tar:///root/.npm/detectmobilebrowsers/0.1.1/package
70 verbose lock tar:///root/.npm/detectmobilebrowsers/0.1.1/package /root/.npm/e272bcf0-tectmobilebrowsers-0-1-1-package.lock
71 silly lockFile d7ee75a8-mobilebrowsers-0-1-1-package-tgz tar:///root/.npm/detectmobilebrowsers/0.1.1/package.tgz
72 verbose lock tar:///root/.npm/detectmobilebrowsers/0.1.1/package.tgz /root/.npm/d7ee75a8-mobilebrowsers-0-1-1-package-tgz.lock
73 silly gunzTarPerm modes [ '755', '644' ]
74 silly gunzTarPerm extractEntry package.json
75 silly gunzTarPerm extractEntry .npmignore
76 silly gunzTarPerm extractEntry README.md
77 silly gunzTarPerm extractEntry Cakefile
78 silly gunzTarPerm extractEntry lib/detectmobilebrowsers.js
79 silly gunzTarPerm extractEntry src/detectmobilebrowsers.coffee
80 silly gunzTarPerm extractEntry test/detect.coffee
81 silly lockFile e272bcf0-tectmobilebrowsers-0-1-1-package tar:///root/.npm/detectmobilebrowsers/0.1.1/package
82 silly lockFile e272bcf0-tectmobilebrowsers-0-1-1-package tar:///root/.npm/detectmobilebrowsers/0.1.1/package
83 silly lockFile d7ee75a8-mobilebrowsers-0-1-1-package-tgz tar:///root/.npm/detectmobilebrowsers/0.1.1/package.tgz
84 silly lockFile d7ee75a8-mobilebrowsers-0-1-1-package-tgz tar:///root/.npm/detectmobilebrowsers/0.1.1/package.tgz
85 verbose chmod /root/.npm/detectmobilebrowsers/0.1.1/package.tgz 644
86 verbose chown /root/.npm/detectmobilebrowsers/0.1.1/package.tgz [ 1000, 1000 ]
87 silly lockFile 48e7314d-s-detectmobilebrowsers-0-1-1-tgz https://registry.npmjs.org/detectmobilebrowsers/-/detectmobilebrowsers-0.1.1.tgz
88 silly lockFile 48e7314d-s-detectmobilebrowsers-0-1-1-tgz https://registry.npmjs.org/detectmobilebrowsers/-/detectmobilebrowsers-0.1.1.tgz
89 silly lockFile 8870ec6b-detectmobilebrowsers-0-1-1 detectmobilebrowsers@0.1.1
90 silly lockFile 8870ec6b-detectmobilebrowsers-0-1-1 detectmobilebrowsers@0.1.1
91 silly lockFile 295a1601-detectmobilebrowsers detectmobilebrowsers@
92 silly lockFile 295a1601-detectmobilebrowsers detectmobilebrowsers@
93 silly resolved [ { name: 'detectmobilebrowsers',
93 silly resolved     version: '0.1.1',
93 silly resolved     description: 'Mobile browser detection based on user-agent',
93 silly resolved     author: { name: 'Bryant Williams', email: 'b.n.williams@gmail.com' },
93 silly resolved     keywords:
93 silly resolved      [ 'browser',
93 silly resolved        'detectmobilebrowsers',
93 silly resolved        'detection',
93 silly resolved        'mobile',
93 silly resolved        'node',
93 silly resolved        'user-agent' ],
93 silly resolved     scripts:
93 silly resolved      { postinstall: 'cake build',
93 silly resolved        preinstall: 'cake clean',
93 silly resolved        pretest: 'npm install --dev',
93 silly resolved        test: 'cake test' },
93 silly resolved     homepage: 'http://github.com/scien/detectmobilebrowsers-node.git',
93 silly resolved     repository:
93 silly resolved      { type: 'git',
93 silly resolved        url: 'http://github.com/scien/detectmobilebrowsers-node.git' },
93 silly resolved     devDependencies:
93 silly resolved      { 'coffee-script': '1.3.x',
93 silly resolved        express: '3.0.x',
93 silly resolved        mocha: '1.3.x',
93 silly resolved        request: '2.10.x',
93 silly resolved        should: '1.1.x' },
93 silly resolved     main: './lib/detectmobilebrowsers.js',
93 silly resolved     readme: '# Mobile Redirection for Node.js and Express\n\nDetects if the request came from a mobile browser\n\n## Usage\n```\nexpress = require \'express\'\nmobile  = require \'detectmobilebrowsers\'\n\napp = express()\napp.configure () ->\n  app.use mobile.redirect \'http://m.domain.com\'\n  app.use mobile.is_mobile()\napp.get \'/\', (req, res) ->\n  res.json {is_mobile: req.is_mobile}\napp.listen 3000\n```\n\n## Credit\n\nRegex was put together by [Chad Smith](http://twitter.com/chadsmith) of http://detectmobilebrowsers.com\n\n\n## LICENSE\n```\nThis is free and unencumbered software released into the public domain.\n\nAnyone is free to copy, modify, publish, use, compile, sell, or\ndistribute this software, either in source code form or as a compiled\nbinary, for any purpose, commercial or non-commercial, and by any\nmeans.\n\nIn jurisdictions that recognize copyright laws, the author or authors\nof this software dedicate any and all copyright interest in the\nsoftware to the public domain. We make this dedication for the benefit\nof the public at large and to the detriment of our heirs and\nsuccessors. We intend this dedication to be an overt act of\nrelinquishment in perpetuity of all present and future rights to this\nsoftware under copyright law.\n\nTHE SOFTWARE IS PROVIDED "AS IS", WITHOUT WARRANTY OF ANY KIND,\nEXPRESS OR IMPLIED, INCLUDING BUT NOT LIMITED TO THE WARRANTIES OF\nMERCHANTABILITY, FITNESS FOR A PARTICULAR PURPOSE AND NONINFRINGEMENT.\nIN NO EVENT SHALL THE AUTHORS BE LIABLE FOR ANY CLAIM, DAMAGES OR\nOTHER LIABILITY, WHETHER IN AN ACTION OF CONTRACT, TORT OR OTHERWISE,\nARISING FROM, OUT OF OR IN CONNECTION WITH THE SOFTWARE OR THE USE OR\nOTHER DEALINGS IN THE SOFTWARE.\n\nFor more information, please refer to <http://unlicense.org/>\n```\n\n',
93 silly resolved     readmeFilename: 'README.md',
93 silly resolved     bugs: { url: 'https://github.com/scien/detectmobilebrowsers-node/issues' },
93 silly resolved     _id: 'detectmobilebrowsers@0.1.1',
93 silly resolved     dist: { shasum: '16dbaceec779cab62e15af9aa7c3cad4e266d896' },
93 silly resolved     _from: 'detectmobilebrowsers@',
93 silly resolved     _resolved: 'https://registry.npmjs.org/detectmobilebrowsers/-/detectmobilebrowsers-0.1.1.tgz' } ]
94 info install detectmobilebrowsers@0.1.1 into /usr/local/lib
95 info installOne detectmobilebrowsers@0.1.1
96 info /usr/local/lib/node_modules/detectmobilebrowsers unbuild
97 verbose tar unpack /root/.npm/detectmobilebrowsers/0.1.1/package.tgz
98 silly lockFile c2dc477c-ode-modules-detectmobilebrowsers tar:///usr/local/lib/node_modules/detectmobilebrowsers
99 verbose lock tar:///usr/local/lib/node_modules/detectmobilebrowsers /root/.npm/c2dc477c-ode-modules-detectmobilebrowsers.lock
100 silly lockFile d7ee75a8-mobilebrowsers-0-1-1-package-tgz tar:///root/.npm/detectmobilebrowsers/0.1.1/package.tgz
101 verbose lock tar:///root/.npm/detectmobilebrowsers/0.1.1/package.tgz /root/.npm/d7ee75a8-mobilebrowsers-0-1-1-package-tgz.lock
102 silly gunzTarPerm modes [ '755', '644' ]
103 silly gunzTarPerm extractEntry package.json
104 silly gunzTarPerm extractEntry .npmignore
105 silly gunzTarPerm extractEntry README.md
106 silly gunzTarPerm extractEntry Cakefile
107 silly gunzTarPerm extractEntry lib/detectmobilebrowsers.js
108 silly gunzTarPerm extractEntry src/detectmobilebrowsers.coffee
109 silly gunzTarPerm extractEntry test/detect.coffee
110 silly lockFile c2dc477c-ode-modules-detectmobilebrowsers tar:///usr/local/lib/node_modules/detectmobilebrowsers
111 silly lockFile c2dc477c-ode-modules-detectmobilebrowsers tar:///usr/local/lib/node_modules/detectmobilebrowsers
112 silly lockFile d7ee75a8-mobilebrowsers-0-1-1-package-tgz tar:///root/.npm/detectmobilebrowsers/0.1.1/package.tgz
113 silly lockFile d7ee75a8-mobilebrowsers-0-1-1-package-tgz tar:///root/.npm/detectmobilebrowsers/0.1.1/package.tgz
114 info preinstall detectmobilebrowsers@0.1.1
115 verbose unsafe-perm in lifecycle false
116 info detectmobilebrowsers@0.1.1 Failed to exec preinstall script
117 info /usr/local/lib/node_modules/detectmobilebrowsers unbuild
118 info preuninstall detectmobilebrowsers@0.1.1
119 info uninstall detectmobilebrowsers@0.1.1
120 verbose true,/usr/local/lib/node_modules,/usr/local/lib/node_modules unbuild detectmobilebrowsers@0.1.1
121 info postuninstall detectmobilebrowsers@0.1.1
122 error detectmobilebrowsers@0.1.1 preinstall: `cake clean`
122 error Exit status 127
123 error Failed at the detectmobilebrowsers@0.1.1 preinstall script.
123 error This is most likely a problem with the detectmobilebrowsers package,
123 error not with npm itself.
123 error Tell the author that this fails on your system:
123 error     cake clean
123 error You can get their info via:
123 error     npm owner ls detectmobilebrowsers
123 error There is likely additional logging output above.
124 error System Linux 3.2.0-4-686-pae
125 error command "/usr/local/bin/node" "/usr/local/bin/npm" "install" "detectmobilebrowsers" "-g"
126 error cwd /home/deck/dinx60/home/github/full_stack
127 error node -v v0.11.11
128 error npm -v 1.3.25
129 error code ELIFECYCLE
130 verbose exit [ 1, true ]
